Using pre-set license
Built from '2020.3/staging' branch; Version is '2020.3.30f1 (1fb1bf06830e) revision 2077119'; Using compiler version '192528614'; Build Type 'Release'
OS: 'Windows 11  (10.0.22000) 64bit Core' Language: 'fr' Physical Memory: 32689 MB
BatchMode: 1, IsHumanControllingUs: 0, StartBugReporterOnCrash: 0, Is64bit: 1, IsPro: 0

COMMAND LINE ARGUMENTS:
F:\unity\2020.3.30f1\Editor\Unity.exe
-adb2
-batchMode
-noUpm
-name
AssetImportWorker0
-projectPath
F:/unity/PROJECT/Eternity Quest
-logFile
Logs/AssetImportWorker0.log
-srvPort
57049
Successfully changed project path to: F:/unity/PROJECT/Eternity Quest
F:/unity/PROJECT/Eternity Quest
Using Asset Import Pipeline V2.
Refreshing native plugins compatible for Editor in 34.19 ms, found 2 plugins.
Preloading 0 native plugins for Editor in 0.00 ms.
Initialize engine version: 2020.3.30f1 (1fb1bf06830e)
[Subsystems] Discovering subsystems at path F:/unity/2020.3.30f1/Editor/Data/Resources/UnitySubsystems
[Subsystems] Discovering subsystems at path F:/unity/PROJECT/Eternity Quest/Assets
GfxDevice: creating device client; threaded=0
Direct3D:
    Version:  Direct3D 11.0 [level 11.1]
    Renderer: NVIDIA GeForce RTX 3070 (ID=0x2484)
    Vendor:   
    VRAM:     8043 MB
    Driver:   30.0.15.1179
Initialize mono
Mono path[0] = 'F:/unity/2020.3.30f1/Editor/Data/Managed'
Mono path[1] = 'F:/unity/2020.3.30f1/Editor/Data/MonoBleedingEdge/lib/mono/unityjit'
Mono config path = 'F:/unity/2020.3.30f1/Editor/Data/MonoBleedingEdge/etc'
Using monoOptions --debugger-agent=transport=dt_socket,embedding=1,server=y,suspend=n,address=127.0.0.1:56796
Begin MonoManager ReloadAssembly
Registering precompiled unity dll's ...
Register platform support module: F:/unity/2020.3.30f1/Editor/Data/PlaybackEngines/WebGLSupport/UnityEditor.WebGL.Extensions.dll
Register platform support module: F:/unity/2020.3.30f1/Editor/Data/PlaybackEngines/MacStandaloneSupport/UnityEditor.OSXStandalone.Extensions.dll
Register platform support module: F:/unity/2020.3.30f1/Editor/Data/PlaybackEngines/WindowsStandaloneSupport/UnityEditor.WindowsStandalone.Extensions.dll
Register platform support module: F:/unity/2020.3.30f1/Editor/Data/PlaybackEngines/LinuxStandaloneSupport/UnityEditor.LinuxStandalone.Extensions.dll
Registered in 0.001184 seconds.
Native extension for LinuxStandalone target not found
Native extension for WindowsStandalone target not found
Native extension for OSXStandalone target not found
Native extension for WebGL target not found
Refreshing native plugins compatible for Editor in 39.34 ms, found 2 plugins.
Preloading 0 native plugins for Editor in 0.00 ms.
Mono: successfully reloaded assembly
- Completed reload, in  0.458 seconds
Domain Reload Profiling:
	ReloadAssembly (458ms)
		BeginReloadAssembly (53ms)
			ExecutionOrderSort (0ms)
			DisableScriptedObjects (0ms)
			BackupInstance (0ms)
			ReleaseScriptingObjects (0ms)
			CreateAndSetChildDomain (1ms)
		EndReloadAssembly (357ms)
			LoadAssemblies (53ms)
			RebuildTransferFunctionScriptingTraits (0ms)
			SetupTypeCache (116ms)
			ReleaseScriptCaches (0ms)
			RebuildScriptCaches (22ms)
			SetupLoadedEditorAssemblies (140ms)
				LogAssemblyErrors (0ms)
				InitializePlatformSupportModulesInManaged (5ms)
				SetLoadedEditorAssemblies (0ms)
				RefreshPlugins (39ms)
				BeforeProcessingInitializeOnLoad (11ms)
				ProcessInitializeOnLoadAttributes (63ms)
				ProcessInitializeOnLoadMethodAttributes (21ms)
				AfterProcessingInitializeOnLoad (0ms)
				EditorAssembliesLoaded (0ms)
			ExecutionOrderSort2 (0ms)
			AwakeInstancesAfterBackupRestoration (0ms)
Platform modules already initialized, skipping
Registering precompiled user dll's ...
Registered in 0.001805 seconds.
Begin MonoManager ReloadAssembly
Native extension for LinuxStandalone target not found
Native extension for WindowsStandalone target not found
Native extension for OSXStandalone target not found
Native extension for WebGL target not found
Refreshing native plugins compatible for Editor in 0.37 ms, found 2 plugins.
Preloading 0 native plugins for Editor in 0.00 ms.
Mono: successfully reloaded assembly
- Completed reload, in  0.750 seconds
Domain Reload Profiling:
	ReloadAssembly (750ms)
		BeginReloadAssembly (119ms)
			ExecutionOrderSort (0ms)
			DisableScriptedObjects (4ms)
			BackupInstance (0ms)
			ReleaseScriptingObjects (0ms)
			CreateAndSetChildDomain (13ms)
		EndReloadAssembly (591ms)
			LoadAssemblies (76ms)
			RebuildTransferFunctionScriptingTraits (0ms)
			SetupTypeCache (204ms)
			ReleaseScriptCaches (0ms)
			RebuildScriptCaches (32ms)
			SetupLoadedEditorAssemblies (225ms)
				LogAssemblyErrors (0ms)
				InitializePlatformSupportModulesInManaged (5ms)
				SetLoadedEditorAssemblies (0ms)
				RefreshPlugins (0ms)
				BeforeProcessingInitializeOnLoad (55ms)
				ProcessInitializeOnLoadAttributes (157ms)
				ProcessInitializeOnLoadMethodAttributes (6ms)
				AfterProcessingInitializeOnLoad (1ms)
				EditorAssembliesLoaded (0ms)
			ExecutionOrderSort2 (0ms)
			AwakeInstancesAfterBackupRestoration (5ms)
Platform modules already initialized, skipping
========================================================================
Worker process is ready to serve import requests
Launched and connected shader compiler UnityShaderCompiler.exe after 0.07 seconds
Refreshing native plugins compatible for Editor in 0.37 ms, found 2 plugins.
Preloading 0 native plugins for Editor in 0.00 ms.
Unloading 1548 Unused Serialized files (Serialized files now loaded: 0)
System memory in use before: 84.3 MB.
System memory in use after: 84.4 MB.

Unloading 16 unused Assets to reduce memory usage. Loaded Objects now: 2009.
Total: 2.065400 ms (FindLiveObjects: 0.101700 ms CreateObjectMapping: 0.038900 ms MarkObjects: 1.850500 ms  DeleteObjects: 0.073700 ms)

AssetImportParameters requested are different than current active one (requested -> active):
  custom:framework-win-MediaFoundation: 216162199b28c13a410421893ffa2e32 -> 
  custom:video-decoder-ogg-theora: a1e56fd34408186e4bbccfd4996cb3dc -> 
  custom:container-muxer-webm: aa71ff27fc2769a1b78a27578f13a17b -> 
  custom:container-demuxer-webm: 4f35f7cbe854078d1ac9338744f61a02 -> 
  custom:container-demuxer-ogg: 62fdf1f143b41e24485cea50d1cbac27 -> 
  custom:video-encoder-webm-vp8: eb34c28f22e8b96e1ab97ce403110664 -> 
  custom:video-decoder-webm-vp8: 9c59270c3fd7afecdb556c50c9e8de78 -> 
  custom:audio-decoder-ogg-vorbis: bf7c407c2cedff20999df2af8eb42d56 -> 
  custom:audio-encoder-webm-vorbis: bf7c407c2cedff20999df2af8eb42d56 -> 
========================================================================
Received Import Request.
  path: Assets/Blink/Art/Weapons/LowPoly/FreeSwords/Sword15
  artifactKey: Guid(686af81fa4b31e74e86d6e801d2ea15b) Importer(815301076,1909f56bfc062723c751e8b465ee728b)
Start importing Assets/Blink/Art/Weapons/LowPoly/FreeSwords/Sword15 using Guid(686af81fa4b31e74e86d6e801d2ea15b) Importer(815301076,1909f56bfc062723c751e8b465ee728b)  -> (artifact id: '74429a537b27587d9bd7f0ae46e98161') in 0.003451 seconds 
========================================================================
Received Import Request.
  Time since last request: 1.575095 seconds.
  path: Assets/Blink/Art/Weapons/LowPoly/FreeSwords/Sword15/Sword15_FBX.fbx
  artifactKey: Guid(ca3efc9aae68e2c4b82574617a4bf176) Importer(815301076,1909f56bfc062723c751e8b465ee728b)
Start importing Assets/Blink/Art/Weapons/LowPoly/FreeSwords/Sword15/Sword15_FBX.fbx using Guid(ca3efc9aae68e2c4b82574617a4bf176) Importer(815301076,1909f56bfc062723c751e8b465ee728b)  -> (artifact id: '9f77f7c303d3e7f0816b900c9d3f3b08') in 0.123263 seconds 
========================================================================
Received Import Request.
  Time since last request: 0.000117 seconds.
  path: Assets/Blink/Art/Weapons/LowPoly/FreeSwords/Sword15/Sword15_Material_Iron.mat
  artifactKey: Guid(087a829321254de468b96becfbb11423) Importer(815301076,1909f56bfc062723c751e8b465ee728b)
Start importing Assets/Blink/Art/Weapons/LowPoly/FreeSwords/Sword15/Sword15_Material_Iron.mat using Guid(087a829321254de468b96becfbb11423) Importer(815301076,1909f56bfc062723c751e8b465ee728b)  -> (artifact id: 'd9ab974e09f7822270183e986a11aae4') in 0.064919 seconds 
========================================================================
Received Import Request.
  Time since last request: 0.000109 seconds.
  path: Assets/Blink/Art/Weapons/LowPoly/FreeSwords/Sword15/Sword15_Material_Earth.mat
  artifactKey: Guid(2a1741a9171aecf439852b79c94fb55b) Importer(815301076,1909f56bfc062723c751e8b465ee728b)
Start importing Assets/Blink/Art/Weapons/LowPoly/FreeSwords/Sword15/Sword15_Material_Earth.mat using Guid(2a1741a9171aecf439852b79c94fb55b) Importer(815301076,1909f56bfc062723c751e8b465ee728b)  -> (artifact id: 'eefdf4bf01e4f33af11352c012417ccc') in 0.047194 seconds 
========================================================================
Received Import Request.
  Time since last request: 0.000200 seconds.
  path: Assets/Blink/Art/Weapons/LowPoly/FreeSwords/Sword15/Sword15_Material_Frost.mat
  artifactKey: Guid(80e001b428059e64984957ba855f8066) Importer(815301076,1909f56bfc062723c751e8b465ee728b)
Start importing Assets/Blink/Art/Weapons/LowPoly/FreeSwords/Sword15/Sword15_Material_Frost.mat using Guid(80e001b428059e64984957ba855f8066) Importer(815301076,1909f56bfc062723c751e8b465ee728b)  -> (artifact id: '0c30b35587541369c86bed748c9e87fd') in 0.044110 seconds 
========================================================================
Received Import Request.
  Time since last request: 0.000110 seconds.
  path: Assets/Blink/Art/Weapons/LowPoly/FreeSwords/Sword15/Sword15_Material_Lava.mat
  artifactKey: Guid(245c79e92cc471e429174ceadfdbeea1) Importer(815301076,1909f56bfc062723c751e8b465ee728b)
Start importing Assets/Blink/Art/Weapons/LowPoly/FreeSwords/Sword15/Sword15_Material_Lava.mat using Guid(245c79e92cc471e429174ceadfdbeea1) Importer(815301076,1909f56bfc062723c751e8b465ee728b)  -> (artifact id: '355b2f197c316ec3df2c5c70dda6055d') in 0.042682 seconds 
========================================================================
Received Import Request.
  Time since last request: 23.755123 seconds.
  path: Assets/Blink/Art/Weapons/LowPoly/FreeSwords/Sword14
  artifactKey: Guid(42a9e9715ccf98d45b8af5cc8f761340) Importer(815301076,1909f56bfc062723c751e8b465ee728b)
Start importing Assets/Blink/Art/Weapons/LowPoly/FreeSwords/Sword14 using Guid(42a9e9715ccf98d45b8af5cc8f761340) Importer(815301076,1909f56bfc062723c751e8b465ee728b)  -> (artifact id: 'f83753a1b720c0c60856d94dbd43011f') in 0.001362 seconds 
========================================================================
Received Import Request.
  Time since last request: 0.057095 seconds.
  path: Assets/Blink/Art/Weapons/LowPoly/FreeSwords/Sword14/Sword14_FBX.fbx
  artifactKey: Guid(5e3ece6a343a3f04fa7bc7a3c7ce9e02) Importer(815301076,1909f56bfc062723c751e8b465ee728b)
Start importing Assets/Blink/Art/Weapons/LowPoly/FreeSwords/Sword14/Sword14_FBX.fbx using Guid(5e3ece6a343a3f04fa7bc7a3c7ce9e02) Importer(815301076,1909f56bfc062723c751e8b465ee728b)  -> (artifact id: '23eff9038a208cf49d449e062a787563') in 0.015054 seconds 
========================================================================
Received Import Request.
  Time since last request: 0.000106 seconds.
  path: Assets/Blink/Art/Weapons/LowPoly/FreeSwords/Sword14/Sword14_Material_Blue.mat
  artifactKey: Guid(97aa79b7a4e5e614baee4cd7894458b0) Importer(815301076,1909f56bfc062723c751e8b465ee728b)
Start importing Assets/Blink/Art/Weapons/LowPoly/FreeSwords/Sword14/Sword14_Material_Blue.mat using Guid(97aa79b7a4e5e614baee4cd7894458b0) Importer(815301076,1909f56bfc062723c751e8b465ee728b)  -> (artifact id: 'c21d7ad25a51ee2a77a4503808f8d3ae') in 0.042875 seconds 
========================================================================
Received Import Request.
  Time since last request: 0.000131 seconds.
  path: Assets/Blink/Art/Weapons/LowPoly/FreeSwords/Sword14/Sword14_Material_Yellow.mat
  artifactKey: Guid(7a0b40e7498a934419360ad8a890fc3d) Importer(815301076,1909f56bfc062723c751e8b465ee728b)
Start importing Assets/Blink/Art/Weapons/LowPoly/FreeSwords/Sword14/Sword14_Material_Yellow.mat using Guid(7a0b40e7498a934419360ad8a890fc3d) Importer(815301076,1909f56bfc062723c751e8b465ee728b)  -> (artifact id: '5b002d37fe6e69925514c58c3352902e') in 0.029176 seconds 
========================================================================
Received Import Request.
  Time since last request: 0.000124 seconds.
  path: Assets/Blink/Art/Weapons/LowPoly/FreeSwords/Sword14/Sword14_Material_Red.mat
  artifactKey: Guid(b05625817e664d545a36bb169d405065) Importer(815301076,1909f56bfc062723c751e8b465ee728b)
Start importing Assets/Blink/Art/Weapons/LowPoly/FreeSwords/Sword14/Sword14_Material_Red.mat using Guid(b05625817e664d545a36bb169d405065) Importer(815301076,1909f56bfc062723c751e8b465ee728b)  -> (artifact id: 'a4e3e87a1bc7d5a7d19584780a9d423b') in 0.021945 seconds 
========================================================================
Received Import Request.
  Time since last request: 13.606693 seconds.
  path: Assets/Blink/Art/Weapons/LowPoly/FreeSwords/Sword14/Textures
  artifactKey: Guid(51116fea41733484588b4679c8409ca0) Importer(815301076,1909f56bfc062723c751e8b465ee728b)
Start importing Assets/Blink/Art/Weapons/LowPoly/FreeSwords/Sword14/Textures using Guid(51116fea41733484588b4679c8409ca0) Importer(815301076,1909f56bfc062723c751e8b465ee728b)  -> (artifact id: 'ab7dec51450e92283d5e62eb38354132') in 0.001307 seconds 
========================================================================
Received Import Request.
  Time since last request: 0.054450 seconds.
  path: Assets/Blink/Art/Weapons/LowPoly/FreeSwords/Sword14/Textures/Sword14_Albedo_Blue.png
  artifactKey: Guid(ebbd18d479708ce4288d184e41b31005) Importer(815301076,1909f56bfc062723c751e8b465ee728b)
Start importing Assets/Blink/Art/Weapons/LowPoly/FreeSwords/Sword14/Textures/Sword14_Albedo_Blue.png using Guid(ebbd18d479708ce4288d184e41b31005) Importer(815301076,1909f56bfc062723c751e8b465ee728b)  -> (artifact id: '951e96d227e76db40ff9d99d6ac77a85') in 0.018964 seconds 
========================================================================
Received Import Request.
  Time since last request: 0.000110 seconds.
  path: Assets/Blink/Art/Weapons/LowPoly/FreeSwords/Sword14/Textures/Sword14_Albedo_Red.png
  artifactKey: Guid(a85483e01dc2b334289f42ea9e88c794) Importer(815301076,1909f56bfc062723c751e8b465ee728b)
Start importing Assets/Blink/Art/Weapons/LowPoly/FreeSwords/Sword14/Textures/Sword14_Albedo_Red.png using Guid(a85483e01dc2b334289f42ea9e88c794) Importer(815301076,1909f56bfc062723c751e8b465ee728b)  -> (artifact id: '41f8837c200ad8137718f5fba20863e8') in 0.005780 seconds 
========================================================================
Received Import Request.
  Time since last request: 0.000118 seconds.
  path: Assets/Blink/Art/Weapons/LowPoly/FreeSwords/Sword14/Textures/Sword14_Normal.png
  artifactKey: Guid(03809fae93234e24fae4282881a1e5ce) Importer(815301076,1909f56bfc062723c751e8b465ee728b)
Start importing Assets/Blink/Art/Weapons/LowPoly/FreeSwords/Sword14/Textures/Sword14_Normal.png using Guid(03809fae93234e24fae4282881a1e5ce) Importer(815301076,1909f56bfc062723c751e8b465ee728b)  -> (artifact id: '9267d464515f920067c7e3f7c859941c') in 0.008629 seconds 
========================================================================
Received Import Request.
  Time since last request: 0.000157 seconds.
  path: Assets/Blink/Art/Weapons/LowPoly/FreeSwords/Sword14/Textures/Sword14_Emission.png
  artifactKey: Guid(b2bb3ec776f2eb942a6cd44002b57669) Importer(815301076,1909f56bfc062723c751e8b465ee728b)
Start importing Assets/Blink/Art/Weapons/LowPoly/FreeSwords/Sword14/Textures/Sword14_Emission.png using Guid(b2bb3ec776f2eb942a6cd44002b57669) Importer(815301076,1909f56bfc062723c751e8b465ee728b)  -> (artifact id: 'e46b1c1b8f194b5adcfcf9acd2df728c') in 0.005068 seconds 
========================================================================
Received Import Request.
  Time since last request: 0.000122 seconds.
  path: Assets/Blink/Art/Weapons/LowPoly/FreeSwords/Sword14/Textures/Sword14_Albedo_Yellow.png
  artifactKey: Guid(a8cb46367ff4204429f5fa5b88a77a23) Importer(815301076,1909f56bfc062723c751e8b465ee728b)
Start importing Assets/Blink/Art/Weapons/LowPoly/FreeSwords/Sword14/Textures/Sword14_Albedo_Yellow.png using Guid(a8cb46367ff4204429f5fa5b88a77a23) Importer(815301076,1909f56bfc062723c751e8b465ee728b)  -> (artifact id: '096017d74ee5df6f73f4b3daa1324832') in 0.005389 seconds 
========================================================================
Received Import Request.
  Time since last request: 0.000146 seconds.
  path: Assets/Blink/Art/Weapons/LowPoly/FreeSwords/Sword14/Textures/Sword14_Metallic.png
  artifactKey: Guid(febafd250ab397b46bf769327f3c3285) Importer(815301076,1909f56bfc062723c751e8b465ee728b)
Start importing Assets/Blink/Art/Weapons/LowPoly/FreeSwords/Sword14/Textures/Sword14_Metallic.png using Guid(febafd250ab397b46bf769327f3c3285) Importer(815301076,1909f56bfc062723c751e8b465ee728b)  -> (artifact id: '6e93f102f7d07333c425faea665d3365') in 0.007768 seconds 
========================================================================
Received Prepare
Refreshing native plugins compatible for Editor in 1.79 ms, found 2 plugins.
Preloading 0 native plugins for Editor in 0.00 ms.
Unloading 9 Unused Serialized files (Serialized files now loaded: 0)
System memory in use before: 57.3 MB.
System memory in use after: 57.4 MB.

Unloading 9 unused Assets to reduce memory usage. Loaded Objects now: 2055.
Total: 2.092400 ms (FindLiveObjects: 0.093200 ms CreateObjectMapping: 0.038900 ms MarkObjects: 1.950900 ms  DeleteObjects: 0.008900 ms)

AssetImportParameters requested are different than current active one (requested -> active):
  custom:framework-win-MediaFoundation: 216162199b28c13a410421893ffa2e32 -> 
  custom:video-decoder-ogg-theora: a1e56fd34408186e4bbccfd4996cb3dc -> 
  custom:container-muxer-webm: aa71ff27fc2769a1b78a27578f13a17b -> 
  custom:container-demuxer-webm: 4f35f7cbe854078d1ac9338744f61a02 -> 
  custom:container-demuxer-ogg: 62fdf1f143b41e24485cea50d1cbac27 -> 
  custom:video-encoder-webm-vp8: eb34c28f22e8b96e1ab97ce403110664 -> 
  custom:video-decoder-webm-vp8: 9c59270c3fd7afecdb556c50c9e8de78 -> 
  custom:audio-decoder-ogg-vorbis: bf7c407c2cedff20999df2af8eb42d56 -> 
  custom:audio-encoder-webm-vorbis: bf7c407c2cedff20999df2af8eb42d56 -> 
========================================================================
Received Import Request.
  Time since last request: 28.309570 seconds.
  path: Assets/Blink/Art/Weapons/LowPoly/FreeSwords/Sword12
  artifactKey: Guid(c3ed171123c389544b3324548ec39446) Importer(815301076,1909f56bfc062723c751e8b465ee728b)
Start importing Assets/Blink/Art/Weapons/LowPoly/FreeSwords/Sword12 using Guid(c3ed171123c389544b3324548ec39446) Importer(815301076,1909f56bfc062723c751e8b465ee728b)  -> (artifact id: '0f6bd5ceee8fae9c4a028ab1d63b498c') in 0.001359 seconds 
========================================================================
Received Import Request.
  Time since last request: 0.041283 seconds.
  path: Assets/Blink/Art/Weapons/LowPoly/FreeSwords/Sword12/Sword12_Material_Green.mat
  artifactKey: Guid(b03e868047761a54a988a324987935c9) Importer(815301076,1909f56bfc062723c751e8b465ee728b)
Start importing Assets/Blink/Art/Weapons/LowPoly/FreeSwords/Sword12/Sword12_Material_Green.mat using Guid(b03e868047761a54a988a324987935c9) Importer(815301076,1909f56bfc062723c751e8b465ee728b)  -> (artifact id: 'e6eb646e7bcc0d1d40e2df62264fee8a') in 0.043852 seconds 
========================================================================
Received Import Request.
  Time since last request: 0.000134 seconds.
  path: Assets/Blink/Art/Weapons/LowPoly/FreeSwords/Sword12/Sword12_Material_Purple.mat
  artifactKey: Guid(a0fc8f3d94fe3e04abf47472225cfafc) Importer(815301076,1909f56bfc062723c751e8b465ee728b)
Start importing Assets/Blink/Art/Weapons/LowPoly/FreeSwords/Sword12/Sword12_Material_Purple.mat using Guid(a0fc8f3d94fe3e04abf47472225cfafc) Importer(815301076,1909f56bfc062723c751e8b465ee728b)  -> (artifact id: 'a23e502c9d92e4ae68e6cc84425d05c7') in 0.020345 seconds 
========================================================================
Received Import Request.
  Time since last request: 0.000144 seconds.
  path: Assets/Blink/Art/Weapons/LowPoly/FreeSwords/Sword12/Sword12_Material_Red.mat
  artifactKey: Guid(5e852c0c6cb6946449056929e2b7270a) Importer(815301076,1909f56bfc062723c751e8b465ee728b)
Start importing Assets/Blink/Art/Weapons/LowPoly/FreeSwords/Sword12/Sword12_Material_Red.mat using Guid(5e852c0c6cb6946449056929e2b7270a) Importer(815301076,1909f56bfc062723c751e8b465ee728b)  -> (artifact id: 'abbec58c632cdadc5d7939a1a04b578c') in 0.020695 seconds 
========================================================================
Received Import Request.
  Time since last request: 10.648510 seconds.
  path: Assets/Blink/Art/Weapons/LowPoly/FreeSwords/Sword12/Textures
  artifactKey: Guid(04328320278280c49a0242f3d5639089) Importer(815301076,1909f56bfc062723c751e8b465ee728b)
Start importing Assets/Blink/Art/Weapons/LowPoly/FreeSwords/Sword12/Textures using Guid(04328320278280c49a0242f3d5639089) Importer(815301076,1909f56bfc062723c751e8b465ee728b)  -> (artifact id: 'd295deb5655f0b66e08ec3067d34171c') in 0.001030 seconds 
========================================================================
Received Import Request.
  Time since last request: 0.043921 seconds.
  path: Assets/Blink/Art/Weapons/LowPoly/FreeSwords/Sword12/Textures/Sword12_Albedo_Green.png
  artifactKey: Guid(91645bb486e5bde44b40de1e1a8f5cae) Importer(815301076,1909f56bfc062723c751e8b465ee728b)
Start importing Assets/Blink/Art/Weapons/LowPoly/FreeSwords/Sword12/Textures/Sword12_Albedo_Green.png using Guid(91645bb486e5bde44b40de1e1a8f5cae) Importer(815301076,1909f56bfc062723c751e8b465ee728b)  -> (artifact id: '2fc33247a85a7c1c244d7547aa83a9fc') in 0.005414 seconds 
========================================================================
Received Import Request.
  Time since last request: 0.000102 seconds.
  path: Assets/Blink/Art/Weapons/LowPoly/FreeSwords/Sword12/Textures/Sword12_Normal.png
  artifactKey: Guid(2a1c11b5a0193ec439cc216258269c0f) Importer(815301076,1909f56bfc062723c751e8b465ee728b)
Start importing Assets/Blink/Art/Weapons/LowPoly/FreeSwords/Sword12/Textures/Sword12_Normal.png using Guid(2a1c11b5a0193ec439cc216258269c0f) Importer(815301076,1909f56bfc062723c751e8b465ee728b)  -> (artifact id: '8edc6f56eccfa324c7c2e456406417fd') in 0.007454 seconds 
========================================================================
Received Import Request.
  Time since last request: 0.000149 seconds.
  path: Assets/Blink/Art/Weapons/LowPoly/FreeSwords/Sword12/Textures/Sword12_Albedo_Purple.png
  artifactKey: Guid(7123550a894cb164ab0615e17e61c2b9) Importer(815301076,1909f56bfc062723c751e8b465ee728b)
Start importing Assets/Blink/Art/Weapons/LowPoly/FreeSwords/Sword12/Textures/Sword12_Albedo_Purple.png using Guid(7123550a894cb164ab0615e17e61c2b9) Importer(815301076,1909f56bfc062723c751e8b465ee728b)  -> (artifact id: '5111a67ac8af7860cb4556fbc8404ad8') in 0.005067 seconds 
========================================================================
Received Import Request.
  Time since last request: 0.000156 seconds.
  path: Assets/Blink/Art/Weapons/LowPoly/FreeSwords/Sword12/Textures/Sword12_Albedo_Red.png
  artifactKey: Guid(fbceec7fcafa4274f865b45ca42749c3) Importer(815301076,1909f56bfc062723c751e8b465ee728b)
Start importing Assets/Blink/Art/Weapons/LowPoly/FreeSwords/Sword12/Textures/Sword12_Albedo_Red.png using Guid(fbceec7fcafa4274f865b45ca42749c3) Importer(815301076,1909f56bfc062723c751e8b465ee728b)  -> (artifact id: 'a6a20581545dd6445109599fc9e65316') in 0.005959 seconds 
========================================================================
Received Import Request.
  Time since last request: 0.000192 seconds.
  path: Assets/Blink/Art/Weapons/LowPoly/FreeSwords/Sword12/Textures/Sword12_Metallic.png
  artifactKey: Guid(206c6d4668294ab489af29c26b8bca00) Importer(815301076,1909f56bfc062723c751e8b465ee728b)
Start importing Assets/Blink/Art/Weapons/LowPoly/FreeSwords/Sword12/Textures/Sword12_Metallic.png using Guid(206c6d4668294ab489af29c26b8bca00) Importer(815301076,1909f56bfc062723c751e8b465ee728b)  -> (artifact id: 'b0cef262beb50164ac9707ff7045cc1f') in 0.006522 seconds 
========================================================================
Received Import Request.
  Time since last request: 0.000209 seconds.
  path: Assets/Blink/Art/Weapons/LowPoly/FreeSwords/Sword12/Textures/Sword12_Emission.png
  artifactKey: Guid(f2ad1e3a5d79f0143bfd102e3f9b106e) Importer(815301076,1909f56bfc062723c751e8b465ee728b)
Start importing Assets/Blink/Art/Weapons/LowPoly/FreeSwords/Sword12/Textures/Sword12_Emission.png using Guid(f2ad1e3a5d79f0143bfd102e3f9b106e) Importer(815301076,1909f56bfc062723c751e8b465ee728b)  -> (artifact id: '7a668240a33bba6d40ef759bcf568f58') in 0.005106 seconds 
========================================================================
Received Import Request.
  Time since last request: 10.815751 seconds.
  path: Assets/Blink/Art/Weapons/LowPoly/FreeSwords/Sword10
  artifactKey: Guid(1de329df34842ef45a45ca762b85b478) Importer(815301076,1909f56bfc062723c751e8b465ee728b)
Start importing Assets/Blink/Art/Weapons/LowPoly/FreeSwords/Sword10 using Guid(1de329df34842ef45a45ca762b85b478) Importer(815301076,1909f56bfc062723c751e8b465ee728b)  -> (artifact id: '3b7d1497b174069bdeaa20fac67682fd') in 0.002504 seconds 
========================================================================
Received Import Request.
  Time since last request: 0.030433 seconds.
  path: Assets/Blink/Art/Weapons/LowPoly/FreeSwords/Sword10/Sword10_Material_Bone.mat
  artifactKey: Guid(d1a93d013d9159c40a4c483801aad7a0) Importer(815301076,1909f56bfc062723c751e8b465ee728b)
Start importing Assets/Blink/Art/Weapons/LowPoly/FreeSwords/Sword10/Sword10_Material_Bone.mat using Guid(d1a93d013d9159c40a4c483801aad7a0) Importer(815301076,1909f56bfc062723c751e8b465ee728b)  -> (artifact id: 'cb13456c53b74d95111cb6ad019c6ade') in 0.035565 seconds 
========================================================================
Received Import Request.
  Time since last request: 0.000107 seconds.
  path: Assets/Blink/Art/Weapons/LowPoly/FreeSwords/Sword10/Sword10_Material_Dark.mat
  artifactKey: Guid(dd236475abad42440b4df1413462e085) Importer(815301076,1909f56bfc062723c751e8b465ee728b)
Start importing Assets/Blink/Art/Weapons/LowPoly/FreeSwords/Sword10/Sword10_Material_Dark.mat using Guid(dd236475abad42440b4df1413462e085) Importer(815301076,1909f56bfc062723c751e8b465ee728b)  -> (artifact id: 'b4c799ed4ba4dc2cd89e801e8fc11095') in 0.035146 seconds 
========================================================================
Received Import Request.
  Time since last request: 0.000097 seconds.
  path: Assets/Blink/Art/Weapons/LowPoly/FreeSwords/Sword10/Sword10_Material_Brown.mat
  artifactKey: Guid(7c079598e25f0254baff8031cb076111) Importer(815301076,1909f56bfc062723c751e8b465ee728b)
Start importing Assets/Blink/Art/Weapons/LowPoly/FreeSwords/Sword10/Sword10_Material_Brown.mat using Guid(7c079598e25f0254baff8031cb076111) Importer(815301076,1909f56bfc062723c751e8b465ee728b)  -> (artifact id: 'e67f3dabc15e3ff52d44310e2e4a7689') in 0.035975 seconds 
========================================================================
Received Import Request.
  Time since last request: 17.004296 seconds.
  path: Assets/Blink/Art/Weapons/LowPoly/FreeSwords/Sword9
  artifactKey: Guid(33970abe18908a2499d9c321f186fae5) Importer(815301076,1909f56bfc062723c751e8b465ee728b)
Start importing Assets/Blink/Art/Weapons/LowPoly/FreeSwords/Sword9 using Guid(33970abe18908a2499d9c321f186fae5) Importer(815301076,1909f56bfc062723c751e8b465ee728b)  -> (artifact id: 'b0f617d3148797bf893343862676e590') in 0.001388 seconds 
========================================================================
Received Import Request.
  Time since last request: 0.084146 seconds.
  path: Assets/Blink/Art/Weapons/LowPoly/FreeSwords/Sword9/Sword9_Material_Blue.mat
  artifactKey: Guid(eb402d4b807ff8f41b678f805af64c62) Importer(815301076,1909f56bfc062723c751e8b465ee728b)
Start importing Assets/Blink/Art/Weapons/LowPoly/FreeSwords/Sword9/Sword9_Material_Blue.mat using Guid(eb402d4b807ff8f41b678f805af64c62) Importer(815301076,1909f56bfc062723c751e8b465ee728b)  -> (artifact id: '0c617d6d0efdd11e01b01072c0155235') in 0.042551 seconds 
========================================================================
Received Import Request.
  Time since last request: 0.000115 seconds.
  path: Assets/Blink/Art/Weapons/LowPoly/FreeSwords/Sword9/Sword9_Material_Red.mat
  artifactKey: Guid(72bcee339808e42418cd87c782e2038c) Importer(815301076,1909f56bfc062723c751e8b465ee728b)
Start importing Assets/Blink/Art/Weapons/LowPoly/FreeSwords/Sword9/Sword9_Material_Red.mat using Guid(72bcee339808e42418cd87c782e2038c) Importer(815301076,1909f56bfc062723c751e8b465ee728b)  -> (artifact id: '8092350c252dfbe14c206816642cd59d') in 0.020699 seconds 
========================================================================
Received Import Request.
  Time since last request: 0.000101 seconds.
  path: Assets/Blink/Art/Weapons/LowPoly/FreeSwords/Sword9/Sword9_Material_Purple.mat
  artifactKey: Guid(8046cf35ef91b0e4688574b6e9084f32) Importer(815301076,1909f56bfc062723c751e8b465ee728b)
Start importing Assets/Blink/Art/Weapons/LowPoly/FreeSwords/Sword9/Sword9_Material_Purple.mat using Guid(8046cf35ef91b0e4688574b6e9084f32) Importer(815301076,1909f56bfc062723c751e8b465ee728b)  -> (artifact id: 'a639918b5a281858eea528c8c920f9a2') in 0.021020 seconds 
========================================================================
Received Import Request.
  Time since last request: 0.000117 seconds.
  path: Assets/Blink/Art/Weapons/LowPoly/FreeSwords/Sword9/Sword9_Material_Green.mat
  artifactKey: Guid(07f19b2562ee57443a704bf6e0a59c02) Importer(815301076,1909f56bfc062723c751e8b465ee728b)
Start importing Assets/Blink/Art/Weapons/LowPoly/FreeSwords/Sword9/Sword9_Material_Green.mat using Guid(07f19b2562ee57443a704bf6e0a59c02) Importer(815301076,1909f56bfc062723c751e8b465ee728b)  -> (artifact id: '2e301d18f2b44eea1b43b6eddfff182b') in 0.020152 seconds 
========================================================================
Received Import Request.
  Time since last request: 14.581382 seconds.
  path: Assets/Blink/Art/Weapons/LowPoly/FreeSwords/Sword8
  artifactKey: Guid(dae6b4022313fd94daf94fd64a9904a3) Importer(815301076,1909f56bfc062723c751e8b465ee728b)
Start importing Assets/Blink/Art/Weapons/LowPoly/FreeSwords/Sword8 using Guid(dae6b4022313fd94daf94fd64a9904a3) Importer(815301076,1909f56bfc062723c751e8b465ee728b)  -> (artifact id: '9392bf30f6aa740830f817b72ad54b7e') in 0.001327 seconds 
========================================================================
Received Import Request.
  Time since last request: 0.050559 seconds.
  path: Assets/Blink/Art/Weapons/LowPoly/FreeSwords/Sword8/Sword8_Material_Corrupted.mat
  artifactKey: Guid(f7bc641c2694d174880b6740ddc9d615) Importer(815301076,1909f56bfc062723c751e8b465ee728b)
Start importing Assets/Blink/Art/Weapons/LowPoly/FreeSwords/Sword8/Sword8_Material_Corrupted.mat using Guid(f7bc641c2694d174880b6740ddc9d615) Importer(815301076,1909f56bfc062723c751e8b465ee728b)  -> (artifact id: '5101feec4ffad29a35322bd607b1e405') in 0.043688 seconds 
========================================================================
Received Import Request.
  Time since last request: 0.000175 seconds.
  path: Assets/Blink/Art/Weapons/LowPoly/FreeSwords/Sword8/Sword8_Material_Gold.mat
  artifactKey: Guid(287f1f4aea3b970499ca92b90a328c15) Importer(815301076,1909f56bfc062723c751e8b465ee728b)
Start importing Assets/Blink/Art/Weapons/LowPoly/FreeSwords/Sword8/Sword8_Material_Gold.mat using Guid(287f1f4aea3b970499ca92b90a328c15) Importer(815301076,1909f56bfc062723c751e8b465ee728b)  -> (artifact id: '227cf751b4a93f5d256008727c87d058') in 0.039268 seconds 
========================================================================
Received Import Request.
  Time since last request: 11.950392 seconds.
  path: Assets/Blink/Art/Weapons/LowPoly/FreeSwords/Sword7
  artifactKey: Guid(3f9091df4e750a5489e095f7ae75d187) Importer(815301076,1909f56bfc062723c751e8b465ee728b)
Start importing Assets/Blink/Art/Weapons/LowPoly/FreeSwords/Sword7 using Guid(3f9091df4e750a5489e095f7ae75d187) Importer(815301076,1909f56bfc062723c751e8b465ee728b)  -> (artifact id: '4478e254014525cd8ce9ab9899da3cde') in 0.001426 seconds 
========================================================================
Received Import Request.
  Time since last request: 0.047445 seconds.
  path: Assets/Blink/Art/Weapons/LowPoly/FreeSwords/Sword7/Sword7_Material_Blue.mat
  artifactKey: Guid(0f6ed5b953c1cc644943552d45f09db0) Importer(815301076,1909f56bfc062723c751e8b465ee728b)
Start importing Assets/Blink/Art/Weapons/LowPoly/FreeSwords/Sword7/Sword7_Material_Blue.mat using Guid(0f6ed5b953c1cc644943552d45f09db0) Importer(815301076,1909f56bfc062723c751e8b465ee728b)  -> (artifact id: 'f4711cadeccdfb23ab267536a4a5d968') in 0.041161 seconds 
========================================================================
Received Import Request.
  Time since last request: 0.000167 seconds.
  path: Assets/Blink/Art/Weapons/LowPoly/FreeSwords/Sword7/Sword7_Material_Green.mat
  artifactKey: Guid(9d3dcfae311cd2f418047e848e3b45d8) Importer(815301076,1909f56bfc062723c751e8b465ee728b)
Start importing Assets/Blink/Art/Weapons/LowPoly/FreeSwords/Sword7/Sword7_Material_Green.mat using Guid(9d3dcfae311cd2f418047e848e3b45d8) Importer(815301076,1909f56bfc062723c751e8b465ee728b)  -> (artifact id: '5da5ce9aae1f55d8347c77ef6ea0f169') in 0.021583 seconds 
========================================================================
Received Import Request.
  Time since last request: 0.000120 seconds.
  path: Assets/Blink/Art/Weapons/LowPoly/FreeSwords/Sword7/Sword7_Material_Red.mat
  artifactKey: Guid(b163fea100b008d49bdb6a393605f096) Importer(815301076,1909f56bfc062723c751e8b465ee728b)
Start importing Assets/Blink/Art/Weapons/LowPoly/FreeSwords/Sword7/Sword7_Material_Red.mat using Guid(b163fea100b008d49bdb6a393605f096) Importer(815301076,1909f56bfc062723c751e8b465ee728b)  -> (artifact id: '12b1d343018a450c63d9b9605084693b') in 0.020580 seconds 
========================================================================
Received Import Request.
  Time since last request: 15.113382 seconds.
  path: Assets/Blink/Art/Weapons/LowPoly/FreeSwords/Sword4
  artifactKey: Guid(a4dbfc4b5985e17448c5acf635fbbdba) Importer(815301076,1909f56bfc062723c751e8b465ee728b)
Start importing Assets/Blink/Art/Weapons/LowPoly/FreeSwords/Sword4 using Guid(a4dbfc4b5985e17448c5acf635fbbdba) Importer(815301076,1909f56bfc062723c751e8b465ee728b)  -> (artifact id: '8c672507647f31f4ed6c5ccce4e573b2') in 0.001350 seconds 
========================================================================
Received Import Request.
  Time since last request: 0.046893 seconds.
  path: Assets/Blink/Art/Weapons/LowPoly/FreeSwords/Sword4/Sword4_Material_Blue.mat
  artifactKey: Guid(33a16add35bcca3468a326685219fd7d) Importer(815301076,1909f56bfc062723c751e8b465ee728b)
Start importing Assets/Blink/Art/Weapons/LowPoly/FreeSwords/Sword4/Sword4_Material_Blue.mat using Guid(33a16add35bcca3468a326685219fd7d) Importer(815301076,1909f56bfc062723c751e8b465ee728b)  -> (artifact id: 'dd22b1723447e3e966d423c245debb4e') in 0.011274 seconds 
========================================================================
Received Import Request.
  Time since last request: 0.000111 seconds.
  path: Assets/Blink/Art/Weapons/LowPoly/FreeSwords/Sword4/Sword4_Material_Red.mat
  artifactKey: Guid(4c4919b0d02151f428dcb09dd55dd98d) Importer(815301076,1909f56bfc062723c751e8b465ee728b)
Start importing Assets/Blink/Art/Weapons/LowPoly/FreeSwords/Sword4/Sword4_Material_Red.mat using Guid(4c4919b0d02151f428dcb09dd55dd98d) Importer(815301076,1909f56bfc062723c751e8b465ee728b)  -> (artifact id: '766808026ad9d4a8cf093fd430a799e7') in 0.018725 seconds 
========================================================================
Received Import Request.
  Time since last request: 0.000103 seconds.
  path: Assets/Blink/Art/Weapons/LowPoly/FreeSwords/Sword4/Sword4_Material_Yellow.mat
  artifactKey: Guid(5bf9745e4cdf3544db118edd03429750) Importer(815301076,1909f56bfc062723c751e8b465ee728b)
Start importing Assets/Blink/Art/Weapons/LowPoly/FreeSwords/Sword4/Sword4_Material_Yellow.mat using Guid(5bf9745e4cdf3544db118edd03429750) Importer(815301076,1909f56bfc062723c751e8b465ee728b)  -> (artifact id: '01a4ec6a5a6445ac51cb6011e32b6971') in 0.017785 seconds 
AssetImportWorkerClient::OnTransportError - code=2 error=End of file
