Using pre-set license
Built from '2020.3/staging' branch; Version is '2020.3.30f1 (1fb1bf06830e) revision 2077119'; Using compiler version '192528614'; Build Type 'Release'
OS: 'Windows 11  (10.0.22000) 64bit Core' Language: 'fr' Physical Memory: 32689 MB
BatchMode: 1, IsHumanControllingUs: 0, StartBugReporterOnCrash: 0, Is64bit: 1, IsPro: 0

COMMAND LINE ARGUMENTS:
F:\unity\2020.3.30f1\Editor\Unity.exe
-adb2
-batchMode
-noUpm
-name
AssetImportWorker0
-projectPath
F:/unity/PROJECT/Eternity Quest
-logFile
Logs/AssetImportWorker0.log
-srvPort
59299
Successfully changed project path to: F:/unity/PROJECT/Eternity Quest
F:/unity/PROJECT/Eternity Quest
Using Asset Import Pipeline V2.
Refreshing native plugins compatible for Editor in 33.78 ms, found 2 plugins.
Preloading 0 native plugins for Editor in 0.00 ms.
Initialize engine version: 2020.3.30f1 (1fb1bf06830e)
[Subsystems] Discovering subsystems at path F:/unity/2020.3.30f1/Editor/Data/Resources/UnitySubsystems
[Subsystems] Discovering subsystems at path F:/unity/PROJECT/Eternity Quest/Assets
GfxDevice: creating device client; threaded=0
Direct3D:
    Version:  Direct3D 11.0 [level 11.1]
    Renderer: NVIDIA GeForce RTX 3070 (ID=0x2484)
    Vendor:   
    VRAM:     8043 MB
    Driver:   30.0.15.1179
Initialize mono
Mono path[0] = 'F:/unity/2020.3.30f1/Editor/Data/Managed'
Mono path[1] = 'F:/unity/2020.3.30f1/Editor/Data/MonoBleedingEdge/lib/mono/unityjit'
Mono config path = 'F:/unity/2020.3.30f1/Editor/Data/MonoBleedingEdge/etc'
Using monoOptions --debugger-agent=transport=dt_socket,embedding=1,server=y,suspend=n,address=127.0.0.1:56760
Begin MonoManager ReloadAssembly
Registering precompiled unity dll's ...
Register platform support module: F:/unity/2020.3.30f1/Editor/Data/PlaybackEngines/WebGLSupport/UnityEditor.WebGL.Extensions.dll
Register platform support module: F:/unity/2020.3.30f1/Editor/Data/PlaybackEngines/MacStandaloneSupport/UnityEditor.OSXStandalone.Extensions.dll
Register platform support module: F:/unity/2020.3.30f1/Editor/Data/PlaybackEngines/WindowsStandaloneSupport/UnityEditor.WindowsStandalone.Extensions.dll
Register platform support module: F:/unity/2020.3.30f1/Editor/Data/PlaybackEngines/LinuxStandaloneSupport/UnityEditor.LinuxStandalone.Extensions.dll
Registered in 0.001146 seconds.
Native extension for LinuxStandalone target not found
Native extension for WindowsStandalone target not found
Native extension for OSXStandalone target not found
Native extension for WebGL target not found
Refreshing native plugins compatible for Editor in 35.03 ms, found 2 plugins.
Preloading 0 native plugins for Editor in 0.00 ms.
Mono: successfully reloaded assembly
- Completed reload, in  0.461 seconds
Domain Reload Profiling:
	ReloadAssembly (461ms)
		BeginReloadAssembly (56ms)
			ExecutionOrderSort (0ms)
			DisableScriptedObjects (0ms)
			BackupInstance (0ms)
			ReleaseScriptingObjects (0ms)
			CreateAndSetChildDomain (1ms)
		EndReloadAssembly (353ms)
			LoadAssemblies (56ms)
			RebuildTransferFunctionScriptingTraits (0ms)
			SetupTypeCache (115ms)
			ReleaseScriptCaches (0ms)
			RebuildScriptCaches (23ms)
			SetupLoadedEditorAssemblies (137ms)
				LogAssemblyErrors (0ms)
				InitializePlatformSupportModulesInManaged (5ms)
				SetLoadedEditorAssemblies (0ms)
				RefreshPlugins (35ms)
				BeforeProcessingInitializeOnLoad (11ms)
				ProcessInitializeOnLoadAttributes (63ms)
				ProcessInitializeOnLoadMethodAttributes (22ms)
				AfterProcessingInitializeOnLoad (0ms)
				EditorAssembliesLoaded (0ms)
			ExecutionOrderSort2 (0ms)
			AwakeInstancesAfterBackupRestoration (0ms)
Platform modules already initialized, skipping
Registering precompiled user dll's ...
Registered in 0.001835 seconds.
Begin MonoManager ReloadAssembly
Native extension for LinuxStandalone target not found
Native extension for WindowsStandalone target not found
Native extension for OSXStandalone target not found
Native extension for WebGL target not found
Refreshing native plugins compatible for Editor in 0.40 ms, found 2 plugins.
Preloading 0 native plugins for Editor in 0.00 ms.
Mono: successfully reloaded assembly
- Completed reload, in  0.773 seconds
Domain Reload Profiling:
	ReloadAssembly (774ms)
		BeginReloadAssembly (121ms)
			ExecutionOrderSort (0ms)
			DisableScriptedObjects (4ms)
			BackupInstance (0ms)
			ReleaseScriptingObjects (0ms)
			CreateAndSetChildDomain (14ms)
		EndReloadAssembly (611ms)
			LoadAssemblies (79ms)
			RebuildTransferFunctionScriptingTraits (0ms)
			SetupTypeCache (216ms)
			ReleaseScriptCaches (0ms)
			RebuildScriptCaches (33ms)
			SetupLoadedEditorAssemblies (228ms)
				LogAssemblyErrors (0ms)
				InitializePlatformSupportModulesInManaged (5ms)
				SetLoadedEditorAssemblies (0ms)
				RefreshPlugins (0ms)
				BeforeProcessingInitializeOnLoad (54ms)
				ProcessInitializeOnLoadAttributes (160ms)
				ProcessInitializeOnLoadMethodAttributes (7ms)
				AfterProcessingInitializeOnLoad (1ms)
				EditorAssembliesLoaded (0ms)
			ExecutionOrderSort2 (0ms)
			AwakeInstancesAfterBackupRestoration (5ms)
Platform modules already initialized, skipping
========================================================================
Worker process is ready to serve import requests
Launched and connected shader compiler UnityShaderCompiler.exe after 0.08 seconds
Refreshing native plugins compatible for Editor in 0.39 ms, found 2 plugins.
Preloading 0 native plugins for Editor in 0.00 ms.
Unloading 1548 Unused Serialized files (Serialized files now loaded: 0)
System memory in use before: 84.0 MB.
System memory in use after: 84.1 MB.

Unloading 16 unused Assets to reduce memory usage. Loaded Objects now: 2007.
Total: 1.984400 ms (FindLiveObjects: 0.096700 ms CreateObjectMapping: 0.042500 ms MarkObjects: 1.773000 ms  DeleteObjects: 0.071300 ms)

AssetImportParameters requested are different than current active one (requested -> active):
  custom:framework-win-MediaFoundation: 216162199b28c13a410421893ffa2e32 -> 
  custom:video-decoder-ogg-theora: a1e56fd34408186e4bbccfd4996cb3dc -> 
  custom:container-muxer-webm: aa71ff27fc2769a1b78a27578f13a17b -> 
  custom:container-demuxer-webm: 4f35f7cbe854078d1ac9338744f61a02 -> 
  custom:container-demuxer-ogg: 62fdf1f143b41e24485cea50d1cbac27 -> 
  custom:video-encoder-webm-vp8: eb34c28f22e8b96e1ab97ce403110664 -> 
  custom:video-decoder-webm-vp8: 9c59270c3fd7afecdb556c50c9e8de78 -> 
  custom:audio-decoder-ogg-vorbis: bf7c407c2cedff20999df2af8eb42d56 -> 
  custom:audio-encoder-webm-vorbis: bf7c407c2cedff20999df2af8eb42d56 -> 
========================================================================
Received Import Request.
  path: Assets/Assets/Dnk_Dev/RockPack/Textures/T_Rock_01.tga
  artifactKey: Guid(6d6af4aeb92b03b4687b52c159ebd9c5) Importer(815301076,1909f56bfc062723c751e8b465ee728b)
Start importing Assets/Assets/Dnk_Dev/RockPack/Textures/T_Rock_01.tga using Guid(6d6af4aeb92b03b4687b52c159ebd9c5) Importer(815301076,1909f56bfc062723c751e8b465ee728b)  -> (artifact id: '70dadd46849d68ffe36603ad81b91e51') in 0.095188 seconds 
========================================================================
Received Import Request.
  Time since last request: 0.000128 seconds.
  path: Assets/Assets/Mega Fantasy Props Pack/Textures/grass_1_fixed_d.png
  artifactKey: Guid(835a7aff717b53546a6daf63e49f7683) Importer(815301076,1909f56bfc062723c751e8b465ee728b)
Start importing Assets/Assets/Mega Fantasy Props Pack/Textures/grass_1_fixed_d.png using Guid(835a7aff717b53546a6daf63e49f7683) Importer(815301076,1909f56bfc062723c751e8b465ee728b)  -> (artifact id: 'ec7d21165886759b9896a9c20b6ee3de') in 0.030965 seconds 
========================================================================
Received Import Request.
  Time since last request: 0.000132 seconds.
  path: Assets/Assets/Ground textures pack/Ground & rocks 02/diffuse.tga
  artifactKey: Guid(3787ecf31b318914f908bb48537ebf10) Importer(815301076,1909f56bfc062723c751e8b465ee728b)
Start importing Assets/Assets/Ground textures pack/Ground & rocks 02/diffuse.tga using Guid(3787ecf31b318914f908bb48537ebf10) Importer(815301076,1909f56bfc062723c751e8b465ee728b)  -> (artifact id: 'b738c38922579c74eb63a04a56888a01') in 0.005900 seconds 
========================================================================
Received Prepare
Registering precompiled user dll's ...
Registered in 0.001651 seconds.
Begin MonoManager ReloadAssembly
Native extension for LinuxStandalone target not found
Native extension for WindowsStandalone target not found
Native extension for OSXStandalone target not found
Native extension for WebGL target not found
Refreshing native plugins compatible for Editor in 0.37 ms, found 2 plugins.
Preloading 0 native plugins for Editor in 0.00 ms.
Mono: successfully reloaded assembly
- Completed reload, in  0.721 seconds
Domain Reload Profiling:
	ReloadAssembly (721ms)
		BeginReloadAssembly (91ms)
			ExecutionOrderSort (0ms)
			DisableScriptedObjects (3ms)
			BackupInstance (0ms)
			ReleaseScriptingObjects (0ms)
			CreateAndSetChildDomain (24ms)
		EndReloadAssembly (588ms)
			LoadAssemblies (76ms)
			RebuildTransferFunctionScriptingTraits (0ms)
			SetupTypeCache (206ms)
			ReleaseScriptCaches (1ms)
			RebuildScriptCaches (32ms)
			SetupLoadedEditorAssemblies (216ms)
				LogAssemblyErrors (0ms)
				InitializePlatformSupportModulesInManaged (5ms)
				SetLoadedEditorAssemblies (0ms)
				RefreshPlugins (0ms)
				BeforeProcessingInitializeOnLoad (54ms)
				ProcessInitializeOnLoadAttributes (149ms)
				ProcessInitializeOnLoadMethodAttributes (6ms)
				AfterProcessingInitializeOnLoad (1ms)
				EditorAssembliesLoaded (0ms)
			ExecutionOrderSort2 (0ms)
			AwakeInstancesAfterBackupRestoration (5ms)
Platform modules already initialized, skipping
Refreshing native plugins compatible for Editor in 0.40 ms, found 2 plugins.
Preloading 0 native plugins for Editor in 0.00 ms.
Unloading 1542 Unused Serialized files (Serialized files now loaded: 0)
System memory in use before: 83.9 MB.
System memory in use after: 84.0 MB.

Unloading 11 unused Assets to reduce memory usage. Loaded Objects now: 2011.
Total: 1.847500 ms (FindLiveObjects: 0.101000 ms CreateObjectMapping: 0.045400 ms MarkObjects: 1.685200 ms  DeleteObjects: 0.015300 ms)

AssetImportParameters requested are different than current active one (requested -> active):
  custom:framework-win-MediaFoundation: 216162199b28c13a410421893ffa2e32 -> 
  custom:video-decoder-ogg-theora: a1e56fd34408186e4bbccfd4996cb3dc -> 
  custom:container-muxer-webm: aa71ff27fc2769a1b78a27578f13a17b -> 
  custom:container-demuxer-webm: 4f35f7cbe854078d1ac9338744f61a02 -> 
  custom:container-demuxer-ogg: 62fdf1f143b41e24485cea50d1cbac27 -> 
  custom:video-encoder-webm-vp8: eb34c28f22e8b96e1ab97ce403110664 -> 
  custom:video-decoder-webm-vp8: 9c59270c3fd7afecdb556c50c9e8de78 -> 
  custom:audio-decoder-ogg-vorbis: bf7c407c2cedff20999df2af8eb42d56 -> 
  custom:audio-encoder-webm-vorbis: bf7c407c2cedff20999df2af8eb42d56 -> 
========================================================================
Received Prepare
Registering precompiled user dll's ...
Registered in 0.001768 seconds.
Begin MonoManager ReloadAssembly
Native extension for LinuxStandalone target not found
Native extension for WindowsStandalone target not found
Native extension for OSXStandalone target not found
Native extension for WebGL target not found
Refreshing native plugins compatible for Editor in 0.40 ms, found 2 plugins.
Preloading 0 native plugins for Editor in 0.00 ms.
Mono: successfully reloaded assembly
- Completed reload, in  0.722 seconds
Domain Reload Profiling:
	ReloadAssembly (723ms)
		BeginReloadAssembly (89ms)
			ExecutionOrderSort (0ms)
			DisableScriptedObjects (3ms)
			BackupInstance (0ms)
			ReleaseScriptingObjects (0ms)
			CreateAndSetChildDomain (23ms)
		EndReloadAssembly (593ms)
			LoadAssemblies (75ms)
			RebuildTransferFunctionScriptingTraits (0ms)
			SetupTypeCache (207ms)
			ReleaseScriptCaches (1ms)
			RebuildScriptCaches (33ms)
			SetupLoadedEditorAssemblies (219ms)
				LogAssemblyErrors (0ms)
				InitializePlatformSupportModulesInManaged (5ms)
				SetLoadedEditorAssemblies (0ms)
				RefreshPlugins (0ms)
				BeforeProcessingInitializeOnLoad (53ms)
				ProcessInitializeOnLoadAttributes (151ms)
				ProcessInitializeOnLoadMethodAttributes (7ms)
				AfterProcessingInitializeOnLoad (1ms)
				EditorAssembliesLoaded (0ms)
			ExecutionOrderSort2 (0ms)
			AwakeInstancesAfterBackupRestoration (5ms)
Platform modules already initialized, skipping
Refreshing native plugins compatible for Editor in 0.38 ms, found 2 plugins.
Preloading 0 native plugins for Editor in 0.00 ms.
Unloading 1542 Unused Serialized files (Serialized files now loaded: 0)
System memory in use before: 83.9 MB.
System memory in use after: 84.0 MB.

Unloading 11 unused Assets to reduce memory usage. Loaded Objects now: 2013.
Total: 1.894900 ms (FindLiveObjects: 0.100000 ms CreateObjectMapping: 0.060400 ms MarkObjects: 1.718200 ms  DeleteObjects: 0.015200 ms)

AssetImportParameters requested are different than current active one (requested -> active):
  custom:framework-win-MediaFoundation: 216162199b28c13a410421893ffa2e32 -> 
  custom:video-decoder-ogg-theora: a1e56fd34408186e4bbccfd4996cb3dc -> 
  custom:container-muxer-webm: aa71ff27fc2769a1b78a27578f13a17b -> 
  custom:container-demuxer-webm: 4f35f7cbe854078d1ac9338744f61a02 -> 
  custom:container-demuxer-ogg: 62fdf1f143b41e24485cea50d1cbac27 -> 
  custom:video-encoder-webm-vp8: eb34c28f22e8b96e1ab97ce403110664 -> 
  custom:video-decoder-webm-vp8: 9c59270c3fd7afecdb556c50c9e8de78 -> 
  custom:audio-decoder-ogg-vorbis: bf7c407c2cedff20999df2af8eb42d56 -> 
  custom:audio-encoder-webm-vorbis: bf7c407c2cedff20999df2af8eb42d56 -> 
========================================================================
Received Prepare
Registering precompiled user dll's ...
Registered in 0.001813 seconds.
Begin MonoManager ReloadAssembly
Native extension for LinuxStandalone target not found
Native extension for WindowsStandalone target not found
Native extension for OSXStandalone target not found
Native extension for WebGL target not found
Refreshing native plugins compatible for Editor in 0.38 ms, found 2 plugins.
Preloading 0 native plugins for Editor in 0.00 ms.
Mono: successfully reloaded assembly
- Completed reload, in  0.698 seconds
Domain Reload Profiling:
	ReloadAssembly (698ms)
		BeginReloadAssembly (87ms)
			ExecutionOrderSort (0ms)
			DisableScriptedObjects (3ms)
			BackupInstance (0ms)
			ReleaseScriptingObjects (0ms)
			CreateAndSetChildDomain (22ms)
		EndReloadAssembly (572ms)
			LoadAssemblies (78ms)
			RebuildTransferFunctionScriptingTraits (0ms)
			SetupTypeCache (201ms)
			ReleaseScriptCaches (1ms)
			RebuildScriptCaches (31ms)
			SetupLoadedEditorAssemblies (208ms)
				LogAssemblyErrors (0ms)
				InitializePlatformSupportModulesInManaged (5ms)
				SetLoadedEditorAssemblies (0ms)
				RefreshPlugins (0ms)
				BeforeProcessingInitializeOnLoad (52ms)
				ProcessInitializeOnLoadAttributes (142ms)
				ProcessInitializeOnLoadMethodAttributes (6ms)
				AfterProcessingInitializeOnLoad (1ms)
				EditorAssembliesLoaded (0ms)
			ExecutionOrderSort2 (0ms)
			AwakeInstancesAfterBackupRestoration (5ms)
Platform modules already initialized, skipping
Refreshing native plugins compatible for Editor in 0.45 ms, found 2 plugins.
Preloading 0 native plugins for Editor in 0.00 ms.
Unloading 1542 Unused Serialized files (Serialized files now loaded: 0)
System memory in use before: 83.9 MB.
System memory in use after: 84.0 MB.

Unloading 11 unused Assets to reduce memory usage. Loaded Objects now: 2015.
Total: 1.967900 ms (FindLiveObjects: 0.102200 ms CreateObjectMapping: 0.040300 ms MarkObjects: 1.810300 ms  DeleteObjects: 0.014500 ms)

AssetImportParameters requested are different than current active one (requested -> active):
  custom:framework-win-MediaFoundation: 216162199b28c13a410421893ffa2e32 -> 
  custom:video-decoder-ogg-theora: a1e56fd34408186e4bbccfd4996cb3dc -> 
  custom:container-muxer-webm: aa71ff27fc2769a1b78a27578f13a17b -> 
  custom:container-demuxer-webm: 4f35f7cbe854078d1ac9338744f61a02 -> 
  custom:container-demuxer-ogg: 62fdf1f143b41e24485cea50d1cbac27 -> 
  custom:video-encoder-webm-vp8: eb34c28f22e8b96e1ab97ce403110664 -> 
  custom:video-decoder-webm-vp8: 9c59270c3fd7afecdb556c50c9e8de78 -> 
  custom:audio-decoder-ogg-vorbis: bf7c407c2cedff20999df2af8eb42d56 -> 
  custom:audio-encoder-webm-vorbis: bf7c407c2cedff20999df2af8eb42d56 -> 
========================================================================
Received Prepare
Registering precompiled user dll's ...
Registered in 0.001706 seconds.
Begin MonoManager ReloadAssembly
Native extension for LinuxStandalone target not found
Native extension for WindowsStandalone target not found
Native extension for OSXStandalone target not found
Native extension for WebGL target not found
Refreshing native plugins compatible for Editor in 0.39 ms, found 2 plugins.
Preloading 0 native plugins for Editor in 0.00 ms.
Mono: successfully reloaded assembly
- Completed reload, in  0.723 seconds
Domain Reload Profiling:
	ReloadAssembly (723ms)
		BeginReloadAssembly (89ms)
			ExecutionOrderSort (0ms)
			DisableScriptedObjects (3ms)
			BackupInstance (0ms)
			ReleaseScriptingObjects (0ms)
			CreateAndSetChildDomain (21ms)
		EndReloadAssembly (592ms)
			LoadAssemblies (79ms)
			RebuildTransferFunctionScriptingTraits (0ms)
			SetupTypeCache (209ms)
			ReleaseScriptCaches (1ms)
			RebuildScriptCaches (32ms)
			SetupLoadedEditorAssemblies (214ms)
				LogAssemblyErrors (0ms)
				InitializePlatformSupportModulesInManaged (5ms)
				SetLoadedEditorAssemblies (0ms)
				RefreshPlugins (0ms)
				BeforeProcessingInitializeOnLoad (52ms)
				ProcessInitializeOnLoadAttributes (148ms)
				ProcessInitializeOnLoadMethodAttributes (6ms)
				AfterProcessingInitializeOnLoad (1ms)
				EditorAssembliesLoaded (0ms)
			ExecutionOrderSort2 (0ms)
			AwakeInstancesAfterBackupRestoration (5ms)
Platform modules already initialized, skipping
Refreshing native plugins compatible for Editor in 0.40 ms, found 2 plugins.
Preloading 0 native plugins for Editor in 0.00 ms.
Unloading 1542 Unused Serialized files (Serialized files now loaded: 0)
System memory in use before: 83.9 MB.
System memory in use after: 84.0 MB.

Unloading 11 unused Assets to reduce memory usage. Loaded Objects now: 2017.
Total: 1.848900 ms (FindLiveObjects: 0.096300 ms CreateObjectMapping: 0.043900 ms MarkObjects: 1.693600 ms  DeleteObjects: 0.014400 ms)

AssetImportParameters requested are different than current active one (requested -> active):
  custom:framework-win-MediaFoundation: 216162199b28c13a410421893ffa2e32 -> 
  custom:video-decoder-ogg-theora: a1e56fd34408186e4bbccfd4996cb3dc -> 
  custom:container-muxer-webm: aa71ff27fc2769a1b78a27578f13a17b -> 
  custom:container-demuxer-webm: 4f35f7cbe854078d1ac9338744f61a02 -> 
  custom:container-demuxer-ogg: 62fdf1f143b41e24485cea50d1cbac27 -> 
  custom:video-encoder-webm-vp8: eb34c28f22e8b96e1ab97ce403110664 -> 
  custom:video-decoder-webm-vp8: 9c59270c3fd7afecdb556c50c9e8de78 -> 
  custom:audio-decoder-ogg-vorbis: bf7c407c2cedff20999df2af8eb42d56 -> 
  custom:audio-encoder-webm-vorbis: bf7c407c2cedff20999df2af8eb42d56 -> 
========================================================================
Received Prepare
Registering precompiled user dll's ...
Registered in 0.001985 seconds.
Begin MonoManager ReloadAssembly
Native extension for LinuxStandalone target not found
Native extension for WindowsStandalone target not found
Native extension for OSXStandalone target not found
Native extension for WebGL target not found
Refreshing native plugins compatible for Editor in 0.75 ms, found 2 plugins.
Preloading 0 native plugins for Editor in 0.00 ms.
Mono: successfully reloaded assembly
- Completed reload, in  0.803 seconds
Domain Reload Profiling:
	ReloadAssembly (804ms)
		BeginReloadAssembly (102ms)
			ExecutionOrderSort (0ms)
			DisableScriptedObjects (3ms)
			BackupInstance (0ms)
			ReleaseScriptingObjects (0ms)
			CreateAndSetChildDomain (25ms)
		EndReloadAssembly (654ms)
			LoadAssemblies (91ms)
			RebuildTransferFunctionScriptingTraits (0ms)
			SetupTypeCache (221ms)
			ReleaseScriptCaches (1ms)
			RebuildScriptCaches (35ms)
			SetupLoadedEditorAssemblies (244ms)
				LogAssemblyErrors (0ms)
				InitializePlatformSupportModulesInManaged (6ms)
				SetLoadedEditorAssemblies (0ms)
				RefreshPlugins (1ms)
				BeforeProcessingInitializeOnLoad (59ms)
				ProcessInitializeOnLoadAttributes (166ms)
				ProcessInitializeOnLoadMethodAttributes (10ms)
				AfterProcessingInitializeOnLoad (2ms)
				EditorAssembliesLoaded (0ms)
			ExecutionOrderSort2 (0ms)
			AwakeInstancesAfterBackupRestoration (7ms)
Platform modules already initialized, skipping
Refreshing native plugins compatible for Editor in 0.71 ms, found 2 plugins.
Preloading 0 native plugins for Editor in 0.00 ms.
Unloading 1542 Unused Serialized files (Serialized files now loaded: 0)
System memory in use before: 83.9 MB.
System memory in use after: 84.0 MB.

Unloading 11 unused Assets to reduce memory usage. Loaded Objects now: 2019.
Total: 2.709200 ms (FindLiveObjects: 0.168800 ms CreateObjectMapping: 0.070300 ms MarkObjects: 2.451300 ms  DeleteObjects: 0.017900 ms)

AssetImportParameters requested are different than current active one (requested -> active):
  custom:framework-win-MediaFoundation: 216162199b28c13a410421893ffa2e32 -> 
  custom:video-decoder-ogg-theora: a1e56fd34408186e4bbccfd4996cb3dc -> 
  custom:container-muxer-webm: aa71ff27fc2769a1b78a27578f13a17b -> 
  custom:container-demuxer-webm: 4f35f7cbe854078d1ac9338744f61a02 -> 
  custom:container-demuxer-ogg: 62fdf1f143b41e24485cea50d1cbac27 -> 
  custom:video-encoder-webm-vp8: eb34c28f22e8b96e1ab97ce403110664 -> 
  custom:video-decoder-webm-vp8: 9c59270c3fd7afecdb556c50c9e8de78 -> 
  custom:audio-decoder-ogg-vorbis: bf7c407c2cedff20999df2af8eb42d56 -> 
  custom:audio-encoder-webm-vorbis: bf7c407c2cedff20999df2af8eb42d56 -> 
========================================================================
Received Import Request.
  Time since last request: 1156.205470 seconds.
  path: Assets/Assets/Dnk_Dev
  artifactKey: Guid(bdd39fab959a6f84584eb85dc113620f) Importer(815301076,1909f56bfc062723c751e8b465ee728b)
Start importing Assets/Assets/Dnk_Dev using Guid(bdd39fab959a6f84584eb85dc113620f) Importer(815301076,1909f56bfc062723c751e8b465ee728b)  -> (artifact id: '6294a4241bbc5536281e995be7ec0aa7') in 0.003300 seconds 
========================================================================
Received Import Request.
  Time since last request: 0.527927 seconds.
  path: Assets/Assets/Dnk_Dev/RockPack
  artifactKey: Guid(786aea3760e8d284e99fce6972a7cf8a) Importer(815301076,1909f56bfc062723c751e8b465ee728b)
Start importing Assets/Assets/Dnk_Dev/RockPack using Guid(786aea3760e8d284e99fce6972a7cf8a) Importer(815301076,1909f56bfc062723c751e8b465ee728b)  -> (artifact id: '823dcaf25e273fb543ab571ed96b6578') in 0.001155 seconds 
========================================================================
Received Import Request.
  Time since last request: 0.899931 seconds.
  path: Assets/Assets/Dnk_Dev/RockPack/Models
  artifactKey: Guid(464530482ab891c48bc324119933abb2) Importer(815301076,1909f56bfc062723c751e8b465ee728b)
Start importing Assets/Assets/Dnk_Dev/RockPack/Models using Guid(464530482ab891c48bc324119933abb2) Importer(815301076,1909f56bfc062723c751e8b465ee728b)  -> (artifact id: '615b931e52810dc132dac6d5cea332e3') in 0.001278 seconds 
========================================================================
Received Import Request.
  Time since last request: 4.527389 seconds.
  path: Assets/Assets/Mega Fantasy Props Pack
  artifactKey: Guid(b27a0b6223eb98e45bc2f882bb2a9cc5) Importer(815301076,1909f56bfc062723c751e8b465ee728b)
Start importing Assets/Assets/Mega Fantasy Props Pack using Guid(b27a0b6223eb98e45bc2f882bb2a9cc5) Importer(815301076,1909f56bfc062723c751e8b465ee728b)  -> (artifact id: '1373a312fa0ed35ba71d5821553dbc26') in 0.001253 seconds 
========================================================================
Received Import Request.
  Time since last request: 3.425172 seconds.
  path: Assets/Assets/laxer tree pkg
  artifactKey: Guid(2fbebc77bff433749b4f602006cf9dbc) Importer(815301076,1909f56bfc062723c751e8b465ee728b)
Start importing Assets/Assets/laxer tree pkg using Guid(2fbebc77bff433749b4f602006cf9dbc) Importer(815301076,1909f56bfc062723c751e8b465ee728b)  -> (artifact id: '16a4a01b364b33a1826116c69263d784') in 0.001117 seconds 
========================================================================
Received Import Request.
  Time since last request: 1.885651 seconds.
  path: Assets/Assets/SpartanKing
  artifactKey: Guid(e83db1f336ad4d348a94cbd70b4aa828) Importer(815301076,1909f56bfc062723c751e8b465ee728b)
Start importing Assets/Assets/SpartanKing using Guid(e83db1f336ad4d348a94cbd70b4aa828) Importer(815301076,1909f56bfc062723c751e8b465ee728b)  -> (artifact id: 'c3dca174819d9bf7ba5f75eff68ae89a') in 0.001091 seconds 
========================================================================
Received Import Request.
  Time since last request: 0.053717 seconds.
  path: Assets/Assets/SpartanKing/Ccloth.psd
  artifactKey: Guid(974c13fb9d115f1498ad30645d67c52a) Importer(815301076,1909f56bfc062723c751e8b465ee728b)
Start importing Assets/Assets/SpartanKing/Ccloth.psd using Guid(974c13fb9d115f1498ad30645d67c52a) Importer(815301076,1909f56bfc062723c751e8b465ee728b)  -> (artifact id: '492d3844bf16875a0a948ae4824a200b') in 0.037354 seconds 
========================================================================
Received Import Request.
  Time since last request: 0.000189 seconds.
  path: Assets/Assets/SpartanKing/Csword.psd
  artifactKey: Guid(5017bb6e8b1de644f8645954b9a6860d) Importer(815301076,1909f56bfc062723c751e8b465ee728b)
Start importing Assets/Assets/SpartanKing/Csword.psd using Guid(5017bb6e8b1de644f8645954b9a6860d) Importer(815301076,1909f56bfc062723c751e8b465ee728b)  -> (artifact id: '911e6139627b0fb319a0902f8546eac0') in 0.011528 seconds 
========================================================================
Received Import Request.
  Time since last request: 0.000112 seconds.
  path: Assets/Assets/SpartanKing/Cnormal.psd
  artifactKey: Guid(1175326977097d14287b75cac1dbcc33) Importer(815301076,1909f56bfc062723c751e8b465ee728b)
Start importing Assets/Assets/SpartanKing/Cnormal.psd using Guid(1175326977097d14287b75cac1dbcc33) Importer(815301076,1909f56bfc062723c751e8b465ee728b)  -> (artifact id: 'bc845667d0c786337562da3758288ca5') in 0.015281 seconds 
========================================================================
Received Import Request.
  Time since last request: 0.000122 seconds.
  path: Assets/Assets/SpartanKing/Cgold.psd
  artifactKey: Guid(cc750c373bb9c724c85df387b74bd39c) Importer(815301076,1909f56bfc062723c751e8b465ee728b)
Start importing Assets/Assets/SpartanKing/Cgold.psd using Guid(cc750c373bb9c724c85df387b74bd39c) Importer(815301076,1909f56bfc062723c751e8b465ee728b)  -> (artifact id: '6d160b89ac1658b0fa385b1f836b25f8') in 0.011216 seconds 
========================================================================
Received Import Request.
  Time since last request: 0.000113 seconds.
  path: Assets/Assets/SpartanKing/Cskin.psd
  artifactKey: Guid(f41297ff8e8927d43ba1d7182f354d5d) Importer(815301076,1909f56bfc062723c751e8b465ee728b)
Start importing Assets/Assets/SpartanKing/Cskin.psd using Guid(f41297ff8e8927d43ba1d7182f354d5d) Importer(815301076,1909f56bfc062723c751e8b465ee728b)  -> (artifact id: '309fab53a5aa99bf9ae03a7d390bb6c8') in 0.019790 seconds 
========================================================================
Received Import Request.
  Time since last request: 9.584544 seconds.
  path: Assets/Blink/Art/Weapons/LowPoly/FreeSwords/Sword13
  artifactKey: Guid(c7dd5c6d52600ae4bb20c55762264e76) Importer(815301076,1909f56bfc062723c751e8b465ee728b)
Start importing Assets/Blink/Art/Weapons/LowPoly/FreeSwords/Sword13 using Guid(c7dd5c6d52600ae4bb20c55762264e76) Importer(815301076,1909f56bfc062723c751e8b465ee728b)  -> (artifact id: '95d3016ec30f08c7d9ecb0d7a1854c85') in 0.001282 seconds 
========================================================================
Received Import Request.
  Time since last request: 0.060123 seconds.
  path: Assets/Blink/Art/Weapons/LowPoly/FreeSwords/Sword13/Sword13_Material_Blue.mat
  artifactKey: Guid(4e727a3391c170e4d8f10273d3239503) Importer(815301076,1909f56bfc062723c751e8b465ee728b)
Start importing Assets/Blink/Art/Weapons/LowPoly/FreeSwords/Sword13/Sword13_Material_Blue.mat using Guid(4e727a3391c170e4d8f10273d3239503) Importer(815301076,1909f56bfc062723c751e8b465ee728b)  -> (artifact id: '880132ceb808270499705163c3edd3f2') in 0.089380 seconds 
========================================================================
Received Import Request.
  Time since last request: 0.000111 seconds.
  path: Assets/Blink/Art/Weapons/LowPoly/FreeSwords/Sword13/Sword13_Material_Red.mat
  artifactKey: Guid(914271d59ff026e4f8fc9a6e484b6c15) Importer(815301076,1909f56bfc062723c751e8b465ee728b)
Start importing Assets/Blink/Art/Weapons/LowPoly/FreeSwords/Sword13/Sword13_Material_Red.mat using Guid(914271d59ff026e4f8fc9a6e484b6c15) Importer(815301076,1909f56bfc062723c751e8b465ee728b)  -> (artifact id: 'b819b5b651c79b1c05e2d3e19a9f879f') in 0.027789 seconds 
========================================================================
Received Import Request.
  Time since last request: 0.000111 seconds.
  path: Assets/Blink/Art/Weapons/LowPoly/FreeSwords/Sword13/Sword13_Material_Cyan.mat
  artifactKey: Guid(16c9654cb81a4474e9ab408d8255b90a) Importer(815301076,1909f56bfc062723c751e8b465ee728b)
Start importing Assets/Blink/Art/Weapons/LowPoly/FreeSwords/Sword13/Sword13_Material_Cyan.mat using Guid(16c9654cb81a4474e9ab408d8255b90a) Importer(815301076,1909f56bfc062723c751e8b465ee728b)  -> (artifact id: '9ef91a444451ccaa62653f8bfef94c1c') in 0.020593 seconds 
========================================================================
Received Import Request.
  Time since last request: 0.000102 seconds.
  path: Assets/Blink/Art/Weapons/LowPoly/FreeSwords/Sword13/Sword13_Material_Green.mat
  artifactKey: Guid(f6a771f5dc3dbd7498a557a26e86f692) Importer(815301076,1909f56bfc062723c751e8b465ee728b)
Start importing Assets/Blink/Art/Weapons/LowPoly/FreeSwords/Sword13/Sword13_Material_Green.mat using Guid(f6a771f5dc3dbd7498a557a26e86f692) Importer(815301076,1909f56bfc062723c751e8b465ee728b)  -> (artifact id: '9672ab7398a4ba39cd7af200ac929de2') in 0.021124 seconds 
========================================================================
Received Import Request.
  Time since last request: 0.000100 seconds.
  path: Assets/Blink/Art/Weapons/LowPoly/FreeSwords/Sword13/Sword13_Material_Orange.mat
  artifactKey: Guid(a76a0a1d2599dfe4e8a8eb35cbfca271) Importer(815301076,1909f56bfc062723c751e8b465ee728b)
Start importing Assets/Blink/Art/Weapons/LowPoly/FreeSwords/Sword13/Sword13_Material_Orange.mat using Guid(a76a0a1d2599dfe4e8a8eb35cbfca271) Importer(815301076,1909f56bfc062723c751e8b465ee728b)  -> (artifact id: 'cab00b270ecd01f39395c6f552d7273a') in 0.020013 seconds 
========================================================================
Received Import Request.
  Time since last request: 32.403987 seconds.
  path: Assets/Blink/Art/Weapons/LowPoly/FreeSwords/Sword3
  artifactKey: Guid(1e18300f150fff246b7fc32e33bff1e7) Importer(815301076,1909f56bfc062723c751e8b465ee728b)
Start importing Assets/Blink/Art/Weapons/LowPoly/FreeSwords/Sword3 using Guid(1e18300f150fff246b7fc32e33bff1e7) Importer(815301076,1909f56bfc062723c751e8b465ee728b)  -> (artifact id: '42447351fb86f97f06640b85b5edab70') in 0.001289 seconds 
========================================================================
Received Import Request.
  Time since last request: 0.029530 seconds.
  path: Assets/Blink/Art/Weapons/LowPoly/FreeSwords/Sword3/Sword3_Material_Blue.mat
  artifactKey: Guid(8fbe65689cacd8545904ad29279d3854) Importer(815301076,1909f56bfc062723c751e8b465ee728b)
Start importing Assets/Blink/Art/Weapons/LowPoly/FreeSwords/Sword3/Sword3_Material_Blue.mat using Guid(8fbe65689cacd8545904ad29279d3854) Importer(815301076,1909f56bfc062723c751e8b465ee728b)  -> (artifact id: '15bb0fe7808958058eb9f455dcb6900b') in 0.030355 seconds 
========================================================================
Received Import Request.
  Time since last request: 0.000159 seconds.
  path: Assets/Blink/Art/Weapons/LowPoly/FreeSwords/Sword3/Sword3_Material_Green.mat
  artifactKey: Guid(4b6de7956318a624aa6b8c140a48b652) Importer(815301076,1909f56bfc062723c751e8b465ee728b)
Start importing Assets/Blink/Art/Weapons/LowPoly/FreeSwords/Sword3/Sword3_Material_Green.mat using Guid(4b6de7956318a624aa6b8c140a48b652) Importer(815301076,1909f56bfc062723c751e8b465ee728b)  -> (artifact id: '3bd11f70854731635c441ee5354164a2') in 0.018263 seconds 
========================================================================
Received Import Request.
  Time since last request: 0.000107 seconds.
  path: Assets/Blink/Art/Weapons/LowPoly/FreeSwords/Sword3/Sword3_Material_Red.mat
  artifactKey: Guid(6592fe0086859e74c84162de3826b9a5) Importer(815301076,1909f56bfc062723c751e8b465ee728b)
Start importing Assets/Blink/Art/Weapons/LowPoly/FreeSwords/Sword3/Sword3_Material_Red.mat using Guid(6592fe0086859e74c84162de3826b9a5) Importer(815301076,1909f56bfc062723c751e8b465ee728b)  -> (artifact id: '7b1018218cd2480fadec150a6f9c74c4') in 0.018258 seconds 
========================================================================
Received Import Request.
  Time since last request: 11.419266 seconds.
  path: Assets/Blink/Art/Weapons/LowPoly/FreeSwords/Sword6
  artifactKey: Guid(602c88364f018e346aeb0511aa420c5b) Importer(815301076,1909f56bfc062723c751e8b465ee728b)
Start importing Assets/Blink/Art/Weapons/LowPoly/FreeSwords/Sword6 using Guid(602c88364f018e346aeb0511aa420c5b) Importer(815301076,1909f56bfc062723c751e8b465ee728b)  -> (artifact id: '070b4d507775eda45a1697220fe8bf01') in 0.001322 seconds 
========================================================================
Received Import Request.
  Time since last request: 0.047050 seconds.
  path: Assets/Blink/Art/Weapons/LowPoly/FreeSwords/Sword6/Sword6_Material_Blue.mat
  artifactKey: Guid(602e7e4cb7c849340a157ea612777f14) Importer(815301076,1909f56bfc062723c751e8b465ee728b)
Start importing Assets/Blink/Art/Weapons/LowPoly/FreeSwords/Sword6/Sword6_Material_Blue.mat using Guid(602e7e4cb7c849340a157ea612777f14) Importer(815301076,1909f56bfc062723c751e8b465ee728b)  -> (artifact id: 'ac6cff51715aeeee924a3e6991efbaa1') in 0.035642 seconds 
========================================================================
Received Import Request.
  Time since last request: 0.000111 seconds.
  path: Assets/Blink/Art/Weapons/LowPoly/FreeSwords/Sword6/Sword6_Material_Red.mat
  artifactKey: Guid(9b468e68d2e1d36499dc32c5a138ab91) Importer(815301076,1909f56bfc062723c751e8b465ee728b)
Start importing Assets/Blink/Art/Weapons/LowPoly/FreeSwords/Sword6/Sword6_Material_Red.mat using Guid(9b468e68d2e1d36499dc32c5a138ab91) Importer(815301076,1909f56bfc062723c751e8b465ee728b)  -> (artifact id: 'f7b1403ad64d76d0841c2942e3cc6bd2') in 0.018593 seconds 
========================================================================
Received Import Request.
  Time since last request: 0.000110 seconds.
  path: Assets/Blink/Art/Weapons/LowPoly/FreeSwords/Sword6/Sword6_Material_Yellow.mat
  artifactKey: Guid(1513e28ac8bfeb5479f03c202f6127d1) Importer(815301076,1909f56bfc062723c751e8b465ee728b)
Start importing Assets/Blink/Art/Weapons/LowPoly/FreeSwords/Sword6/Sword6_Material_Yellow.mat using Guid(1513e28ac8bfeb5479f03c202f6127d1) Importer(815301076,1909f56bfc062723c751e8b465ee728b)  -> (artifact id: 'bce875d540c53ffa0333a7a859baaef9') in 0.018388 seconds 
========================================================================
Received Import Request.
  Time since last request: 2.007563 seconds.
  path: Assets/Blink/Art/Weapons/LowPoly/FreeSwords/Sword5
  artifactKey: Guid(d250922272a5f6141a1689bca2e94e52) Importer(815301076,1909f56bfc062723c751e8b465ee728b)
Start importing Assets/Blink/Art/Weapons/LowPoly/FreeSwords/Sword5 using Guid(d250922272a5f6141a1689bca2e94e52) Importer(815301076,1909f56bfc062723c751e8b465ee728b)  -> (artifact id: '628899cf8df7bc39ae9696c0b3eafa2b') in 0.001279 seconds 
========================================================================
Received Import Request.
  Time since last request: 0.047506 seconds.
  path: Assets/Blink/Art/Weapons/LowPoly/FreeSwords/Sword5/Sword5_Material_Blue.mat
  artifactKey: Guid(8f16b6367f3f3e145971c36ba0e2ae5c) Importer(815301076,1909f56bfc062723c751e8b465ee728b)
Start importing Assets/Blink/Art/Weapons/LowPoly/FreeSwords/Sword5/Sword5_Material_Blue.mat using Guid(8f16b6367f3f3e145971c36ba0e2ae5c) Importer(815301076,1909f56bfc062723c751e8b465ee728b)  -> (artifact id: 'a7b4c3f16094c23457f6a6501efd789c') in 0.030585 seconds 
========================================================================
Received Import Request.
  Time since last request: 0.000108 seconds.
  path: Assets/Blink/Art/Weapons/LowPoly/FreeSwords/Sword5/Sword5_Material_Yellow.mat
  artifactKey: Guid(76faf25298597ac4f85cf3a33d6304da) Importer(815301076,1909f56bfc062723c751e8b465ee728b)
Start importing Assets/Blink/Art/Weapons/LowPoly/FreeSwords/Sword5/Sword5_Material_Yellow.mat using Guid(76faf25298597ac4f85cf3a33d6304da) Importer(815301076,1909f56bfc062723c751e8b465ee728b)  -> (artifact id: '0cbcf7b6352f53aa23cbfd8abb563c23') in 0.018506 seconds 
========================================================================
Received Import Request.
  Time since last request: 0.000115 seconds.
  path: Assets/Blink/Art/Weapons/LowPoly/FreeSwords/Sword5/Sword5_Material_Gold.mat
  artifactKey: Guid(741357fc19be8c74dab3f57ba2218450) Importer(815301076,1909f56bfc062723c751e8b465ee728b)
Start importing Assets/Blink/Art/Weapons/LowPoly/FreeSwords/Sword5/Sword5_Material_Gold.mat using Guid(741357fc19be8c74dab3f57ba2218450) Importer(815301076,1909f56bfc062723c751e8b465ee728b)  -> (artifact id: '4b9d09a45beff54778e7e86ec238af5e') in 0.017815 seconds 
========================================================================
Received Import Request.
  Time since last request: 0.000107 seconds.
  path: Assets/Blink/Art/Weapons/LowPoly/FreeSwords/Sword5/Sword5_Material_Red.mat
  artifactKey: Guid(b602efdc9b084f94a9414457436f9fdb) Importer(815301076,1909f56bfc062723c751e8b465ee728b)
Start importing Assets/Blink/Art/Weapons/LowPoly/FreeSwords/Sword5/Sword5_Material_Red.mat using Guid(b602efdc9b084f94a9414457436f9fdb) Importer(815301076,1909f56bfc062723c751e8b465ee728b)  -> (artifact id: '5b8abd14256281344ddbfc020101d8c0') in 0.017405 seconds 
========================================================================
Received Import Request.
  Time since last request: 1.889557 seconds.
  path: Assets/Blink/Art/Weapons/LowPoly/FreeSwords/Sword1
  artifactKey: Guid(e812f7da3c00cc2489911f470551a7a4) Importer(815301076,1909f56bfc062723c751e8b465ee728b)
Start importing Assets/Blink/Art/Weapons/LowPoly/FreeSwords/Sword1 using Guid(e812f7da3c00cc2489911f470551a7a4) Importer(815301076,1909f56bfc062723c751e8b465ee728b)  -> (artifact id: '0683461c03a6d6e4394fb84cfe3ac186') in 0.001717 seconds 
========================================================================
Received Import Request.
  Time since last request: 0.030476 seconds.
  path: Assets/Blink/Art/Weapons/LowPoly/FreeSwords/Sword1/Sword1_Material_Bronze.mat
  artifactKey: Guid(603aa49c288eb5a499ecadfa9d63e3c6) Importer(815301076,1909f56bfc062723c751e8b465ee728b)
Start importing Assets/Blink/Art/Weapons/LowPoly/FreeSwords/Sword1/Sword1_Material_Bronze.mat using Guid(603aa49c288eb5a499ecadfa9d63e3c6) Importer(815301076,1909f56bfc062723c751e8b465ee728b)  -> (artifact id: '5f80c6bb85247bf144ba76fc3774234f') in 0.040116 seconds 
========================================================================
Received Import Request.
  Time since last request: 0.000158 seconds.
  path: Assets/Blink/Art/Weapons/LowPoly/FreeSwords/Sword1/Sword1_Material_Silver.mat
  artifactKey: Guid(fa5baed6be3065a459482872af5d2796) Importer(815301076,1909f56bfc062723c751e8b465ee728b)
Start importing Assets/Blink/Art/Weapons/LowPoly/FreeSwords/Sword1/Sword1_Material_Silver.mat using Guid(fa5baed6be3065a459482872af5d2796) Importer(815301076,1909f56bfc062723c751e8b465ee728b)  -> (artifact id: 'ecd2acd26abbf6ef1542d292c1963a97') in 0.026676 seconds 
========================================================================
Received Import Request.
  Time since last request: 0.000129 seconds.
  path: Assets/Blink/Art/Weapons/LowPoly/FreeSwords/Sword1/Sword1_Material_Gold.mat
  artifactKey: Guid(76ec0f7c7d6c188409b0ddd47bd763d8) Importer(815301076,1909f56bfc062723c751e8b465ee728b)
Start importing Assets/Blink/Art/Weapons/LowPoly/FreeSwords/Sword1/Sword1_Material_Gold.mat using Guid(76ec0f7c7d6c188409b0ddd47bd763d8) Importer(815301076,1909f56bfc062723c751e8b465ee728b)  -> (artifact id: 'cb2bb61ae6f12e37c1d165560fad5a06') in 0.026589 seconds 
========================================================================
Received Import Request.
  Time since last request: 9.450172 seconds.
  path: Assets/Blink/Art/Weapons/LowPoly/FreeSwords/Sword11
  artifactKey: Guid(b158f6a5442994c458981095f5147b7c) Importer(815301076,1909f56bfc062723c751e8b465ee728b)
Start importing Assets/Blink/Art/Weapons/LowPoly/FreeSwords/Sword11 using Guid(b158f6a5442994c458981095f5147b7c) Importer(815301076,1909f56bfc062723c751e8b465ee728b)  -> (artifact id: '84c1103afb2d19a16911d02dd4045c0f') in 0.001292 seconds 
========================================================================
Received Import Request.
  Time since last request: 0.095579 seconds.
  path: Assets/Blink/Art/Weapons/LowPoly/FreeSwords/Sword11/Sword11_Material_Blood.mat
  artifactKey: Guid(06a63dded40ae3c4da5e6fd287e763f6) Importer(815301076,1909f56bfc062723c751e8b465ee728b)
Start importing Assets/Blink/Art/Weapons/LowPoly/FreeSwords/Sword11/Sword11_Material_Blood.mat using Guid(06a63dded40ae3c4da5e6fd287e763f6) Importer(815301076,1909f56bfc062723c751e8b465ee728b)  -> (artifact id: '28ea1015aebab0e1fcca30bda291adf9') in 0.035923 seconds 
========================================================================
Received Import Request.
  Time since last request: 0.000194 seconds.
  path: Assets/Blink/Art/Weapons/LowPoly/FreeSwords/Sword11/Sword11_Material_Dark.mat
  artifactKey: Guid(faa043329ba53f24d956f4890e9b0acd) Importer(815301076,1909f56bfc062723c751e8b465ee728b)
Start importing Assets/Blink/Art/Weapons/LowPoly/FreeSwords/Sword11/Sword11_Material_Dark.mat using Guid(faa043329ba53f24d956f4890e9b0acd) Importer(815301076,1909f56bfc062723c751e8b465ee728b)  -> (artifact id: '34e3f631e970ae9cf791c9411b5424ed') in 0.035479 seconds 
========================================================================
Received Import Request.
  Time since last request: 0.000130 seconds.
  path: Assets/Blink/Art/Weapons/LowPoly/FreeSwords/Sword11/Sword11_Material_Bone.mat
  artifactKey: Guid(145145c843892ac44b405716fb4d77c4) Importer(815301076,1909f56bfc062723c751e8b465ee728b)
Start importing Assets/Blink/Art/Weapons/LowPoly/FreeSwords/Sword11/Sword11_Material_Bone.mat using Guid(145145c843892ac44b405716fb4d77c4) Importer(815301076,1909f56bfc062723c751e8b465ee728b)  -> (artifact id: '7509326d98e48697553422ada6baf42f') in 0.036015 seconds 
========================================================================
Received Prepare
Registering precompiled user dll's ...
Registered in 0.001793 seconds.
Begin MonoManager ReloadAssembly
Native extension for LinuxStandalone target not found
Native extension for WindowsStandalone target not found
Native extension for OSXStandalone target not found
Native extension for WebGL target not found
Refreshing native plugins compatible for Editor in 0.37 ms, found 2 plugins.
Preloading 0 native plugins for Editor in 0.00 ms.
Mono: successfully reloaded assembly
- Completed reload, in  0.698 seconds
Domain Reload Profiling:
	ReloadAssembly (698ms)
		BeginReloadAssembly (92ms)
			ExecutionOrderSort (0ms)
			DisableScriptedObjects (3ms)
			BackupInstance (0ms)
			ReleaseScriptingObjects (0ms)
			CreateAndSetChildDomain (23ms)
		EndReloadAssembly (566ms)
			LoadAssemblies (78ms)
			RebuildTransferFunctionScriptingTraits (0ms)
			SetupTypeCache (194ms)
			ReleaseScriptCaches (1ms)
			RebuildScriptCaches (32ms)
			SetupLoadedEditorAssemblies (205ms)
				LogAssemblyErrors (0ms)
				InitializePlatformSupportModulesInManaged (5ms)
				SetLoadedEditorAssemblies (0ms)
				RefreshPlugins (0ms)
				BeforeProcessingInitializeOnLoad (51ms)
				ProcessInitializeOnLoadAttributes (141ms)
				ProcessInitializeOnLoadMethodAttributes (6ms)
				AfterProcessingInitializeOnLoad (1ms)
				EditorAssembliesLoaded (0ms)
			ExecutionOrderSort2 (0ms)
			AwakeInstancesAfterBackupRestoration (5ms)
Platform modules already initialized, skipping
Refreshing native plugins compatible for Editor in 0.38 ms, found 2 plugins.
Preloading 0 native plugins for Editor in 0.00 ms.
Unloading 1542 Unused Serialized files (Serialized files now loaded: 0)
System memory in use before: 87.3 MB.
System memory in use after: 87.4 MB.

Unloading 11 unused Assets to reduce memory usage. Loaded Objects now: 2061.
Total: 1.812400 ms (FindLiveObjects: 0.095700 ms CreateObjectMapping: 0.040300 ms MarkObjects: 1.662200 ms  DeleteObjects: 0.013000 ms)

AssetImportParameters requested are different than current active one (requested -> active):
  custom:framework-win-MediaFoundation: 216162199b28c13a410421893ffa2e32 -> 
  custom:video-decoder-ogg-theora: a1e56fd34408186e4bbccfd4996cb3dc -> 
  custom:container-muxer-webm: aa71ff27fc2769a1b78a27578f13a17b -> 
  custom:container-demuxer-webm: 4f35f7cbe854078d1ac9338744f61a02 -> 
  custom:container-demuxer-ogg: 62fdf1f143b41e24485cea50d1cbac27 -> 
  custom:video-encoder-webm-vp8: eb34c28f22e8b96e1ab97ce403110664 -> 
  custom:video-decoder-webm-vp8: 9c59270c3fd7afecdb556c50c9e8de78 -> 
  custom:audio-decoder-ogg-vorbis: bf7c407c2cedff20999df2af8eb42d56 -> 
  custom:audio-encoder-webm-vorbis: bf7c407c2cedff20999df2af8eb42d56 -> 
========================================================================
Received Import Request.
  Time since last request: 397.716526 seconds.
  path: Assets/_TerrainAutoUpgrade/layer_T_Rock_013d3aba195e4d26ee.terrainlayer
  artifactKey: Guid(c739dff45f1f4014aa27dec609be17c9) Importer(815301076,1909f56bfc062723c751e8b465ee728b)
Start importing Assets/_TerrainAutoUpgrade/layer_T_Rock_013d3aba195e4d26ee.terrainlayer using Guid(c739dff45f1f4014aa27dec609be17c9) Importer(815301076,1909f56bfc062723c751e8b465ee728b)  -> (artifact id: '9ba1fd66d5e07cbc15d94bfcd094e2b0') in 0.046264 seconds 
========================================================================
Received Import Request.
  Time since last request: 131.310686 seconds.
  path: Assets/_TerrainAutoUpgrade/layer_diffuse3d3aba195e4d26ee.terrainlayer
  artifactKey: Guid(f638f8f71fff6a747b903eed0ef2c3d8) Importer(815301076,1909f56bfc062723c751e8b465ee728b)
Start importing Assets/_TerrainAutoUpgrade/layer_diffuse3d3aba195e4d26ee.terrainlayer using Guid(f638f8f71fff6a747b903eed0ef2c3d8) Importer(815301076,1909f56bfc062723c751e8b465ee728b)  -> (artifact id: '1a766e7efeb745516f81069e9ed43ecb') in 0.006877 seconds 
AssetImportWorkerClient::OnTransportError - code=2 error=End of file
